<?xml version="1.0" encoding="UTF-8"?>
<!-- Generated by org.testng.reporters.JUnitReportReporter -->
<testsuite hostname="Dharmeshs-MacBook.local" failures="0" tests="6" name="playwright.testcases.HomePageTest" time="1.856" errors="0" timestamp="2024-10-22T14:40:32 EDT" skipped="0">
  <testcase classname="playwright.testcases.HomePageTest" name="homePageurl" time="0.002"/>
  <system-out/>
  <testcase classname="playwright.testcases.HomePageTest" name="title" time="0.079"/>
  <system-out/>
  <testcase classname="playwright.testcases.HomePageTest" name="searchTest" time="0.419"/>
  <system-out/>
  <testcase classname="playwright.testcases.HomePageTest" name="searchTest" time="0.430"/>
  <system-out/>
  <testcase classname="playwright.testcases.HomePageTest" name="searchTest" time="0.555"/>
  <system-out/>
  <testcase classname="playwright.testcases.HomePageTest" name="login" time="0.371"/>
  <system-out/>
</testsuite> <!-- playwright.testcases.HomePageTest -->
